<?xml version="1.0" encoding="UTF-8" ?>
<testsuite tests="6" failures="0" name="PolinomioTercerGradoTest" time="0.056" errors="0" skipped="0">
  <properties>
[...]
</properties>
  <testcase classname="PolinomioTercerGradoTest" name="PolinomioTercerGradoTest.testCalcular" time="0.056"/>
  <testcase classname="PolinomioTercerGradoTest" name="PolinomioTercerGradoTest.testValor" time="0"/>
  <testcase classname="PolinomioTercerGradoTest" name="PolinomioTercerGradoTest.testGetA" time="0"/>
  <testcase classname="PolinomioTercerGradoTest" name="PolinomioTercerGradoTest.testGetB" time="0"/>
  <testcase classname="PolinomioTercerGradoTest" name="PolinomioTercerGradoTest.testGetC" time="0"/>
  <testcase classname="PolinomioTercerGradoTest" name="PolinomioTercerGradoTest.testGetD" time="0"/>
</testsuite>